<?xml version="1.0" encoding="UTF-8"?>
<!-- Generated by org.testng.reporters.JUnitXMLReporter -->
<testsuite hostname="DESKTOP-6UF45NS" ignored="0" name="Default test" tests="11" failures="0" timestamp="30 Apr 2020 14:10:06 GMT" time="0.219" errors="0">
  <testcase name="homePageHeaderTest" time="0.05" classname="TestNGSessions.InvocationCount2"/>
  <testcase name="homePageUserInfoTest" time="0.003" classname="TestNGSessions.InvocationCount2"/>
  <testcase name="homePageUserInfoTest" time="0.006" classname="TestNGSessions.InvocationCount2"/>
  <testcase name="homePageUserInfoTest" time="0.003" classname="TestNGSessions.InvocationCount2"/>
  <testcase name="homePageUserInfoTest" time="0.002" classname="TestNGSessions.InvocationCount2"/>
  <testcase name="homePageUserInfoTest" time="0.002" classname="TestNGSessions.InvocationCount2"/>
  <testcase name="homePageUserInfoTest" time="0.003" classname="TestNGSessions.InvocationCount2"/>
  <testcase name="homePageUserInfoTest" time="0.002" classname="TestNGSessions.InvocationCount2"/>
  <testcase name="homePageUserInfoTest" time="0.002" classname="TestNGSessions.InvocationCount2"/>
  <testcase name="homePageUserInfoTest" time="0.002" classname="TestNGSessions.InvocationCount2"/>
  <testcase name="homePageUserInfoTest" time="0.002" classname="TestNGSessions.InvocationCount2"/>
</testsuite> <!-- Default test -->
