<?xml version="1.0" encoding="UTF-8"?>
<testng-results skipped="0" failed="0" ignored="0" total="11" passed="11">
  <reporter-output>
  </reporter-output>
  <suite name="Default suite" duration-ms="219" started-at="2020-04-30T14:10:05Z" finished-at="2020-04-30T14:10:05Z">
    <groups>
    </groups>
    <test name="Default test" duration-ms="219" started-at="2020-04-30T14:10:05Z" finished-at="2020-04-30T14:10:05Z">
      <class name="TestNGSessions.InvocationCount2">
        <test-method status="PASS" signature="homePageHeaderTest()[pri:0, instance:TestNGSessions.InvocationCount2@735b5592]" name="homePageHeaderTest" duration-ms="50" started-at="2020-04-30T19:40:05Z" finished-at="2020-04-30T19:40:05Z">
          <reporter-output>
          </reporter-output>
        </test-method> <!-- homePageHeaderTest -->
        <test-method status="PASS" signature="homePageUserInfoTest()[pri:0, instance:TestNGSessions.InvocationCount2@735b5592]" name="homePageUserInfoTest" duration-ms="3" started-at="2020-04-30T19:40:05Z" finished-at="2020-04-30T19:40:05Z">
          <reporter-output>
          </reporter-output>
        </test-method> <!-- homePageUserInfoTest -->
        <test-method status="PASS" signature="homePageUserInfoTest()[pri:0, instance:TestNGSessions.InvocationCount2@735b5592]" name="homePageUserInfoTest" duration-ms="6" started-at="2020-04-30T19:40:05Z" finished-at="2020-04-30T19:40:05Z">
          <reporter-output>
          </reporter-output>
        </test-method> <!-- homePageUserInfoTest -->
        <test-method status="PASS" signature="homePageUserInfoTest()[pri:0, instance:TestNGSessions.InvocationCount2@735b5592]" name="homePageUserInfoTest" duration-ms="3" started-at="2020-04-30T19:40:05Z" finished-at="2020-04-30T19:40:05Z">
          <reporter-output>
          </reporter-output>
        </test-method> <!-- homePageUserInfoTest -->
        <test-method status="PASS" signature="homePageUserInfoTest()[pri:0, instance:TestNGSessions.InvocationCount2@735b5592]" name="homePageUserInfoTest" duration-ms="2" started-at="2020-04-30T19:40:05Z" finished-at="2020-04-30T19:40:05Z">
          <reporter-output>
          </reporter-output>
        </test-method> <!-- homePageUserInfoTest -->
        <test-method status="PASS" signature="homePageUserInfoTest()[pri:0, instance:TestNGSessions.InvocationCount2@735b5592]" name="homePageUserInfoTest" duration-ms="2" started-at="2020-04-30T19:40:05Z" finished-at="2020-04-30T19:40:05Z">
          <reporter-output>
          </reporter-output>
        </test-method> <!-- homePageUserInfoTest -->
        <test-method status="PASS" signature="homePageUserInfoTest()[pri:0, instance:TestNGSessions.InvocationCount2@735b5592]" name="homePageUserInfoTest" duration-ms="3" started-at="2020-04-30T19:40:05Z" finished-at="2020-04-30T19:40:05Z">
          <reporter-output>
          </reporter-output>
        </test-method> <!-- homePageUserInfoTest -->
        <test-method status="PASS" signature="homePageUserInfoTest()[pri:0, instance:TestNGSessions.InvocationCount2@735b5592]" name="homePageUserInfoTest" duration-ms="2" started-at="2020-04-30T19:40:05Z" finished-at="2020-04-30T19:40:05Z">
          <reporter-output>
          </reporter-output>
        </test-method> <!-- homePageUserInfoTest -->
        <test-method status="PASS" signature="homePageUserInfoTest()[pri:0, instance:TestNGSessions.InvocationCount2@735b5592]" name="homePageUserInfoTest" duration-ms="2" started-at="2020-04-30T19:40:05Z" finished-at="2020-04-30T19:40:05Z">
          <reporter-output>
          </reporter-output>
        </test-method> <!-- homePageUserInfoTest -->
        <test-method status="PASS" signature="homePageUserInfoTest()[pri:0, instance:TestNGSessions.InvocationCount2@735b5592]" name="homePageUserInfoTest" duration-ms="2" started-at="2020-04-30T19:40:05Z" finished-at="2020-04-30T19:40:05Z">
          <reporter-output>
          </reporter-output>
        </test-method> <!-- homePageUserInfoTest -->
        <test-method status="PASS" signature="homePageUserInfoTest()[pri:0, instance:TestNGSessions.InvocationCount2@735b5592]" name="homePageUserInfoTest" duration-ms="2" started-at="2020-04-30T19:40:05Z" finished-at="2020-04-30T19:40:05Z">
          <reporter-output>
          </reporter-output>
        </test-method> <!-- homePageUserInfoTest -->
      </class> <!-- TestNGSessions.InvocationCount2 -->
    </test> <!-- Default test -->
  </suite> <!-- Default suite -->
</testng-results>
